{"/Users/Mym/Desktop/Code/Proj PERSO/phase2_/param-texte-api/src/app.ts": {"path":"/Users/Mym/Desktop/Code/Proj PERSO/phase2_/param-texte-api/src/app.ts","statementMap":{"0":{"start":{"line":3,"column":0},"end":{"line":3,"column":30}},"1":{"start":{"line":4,"column":0},"end":{"line":4,"column":52}},"2":{"start":{"line":5,"column":0},"end":{"line":5,"column":56}},"3":{"start":{"line":7,"column":13},"end":{"line":7,"column":29}},"4":{"start":{"line":11,"column":0},"end":{"line":11,"column":24}},"5":{"start":{"line":13,"column":0},"end":{"line":13,"column":46}},"6":{"start":{"line":17,"column":0},"end":{"line":19,"column":3}},"7":{"start":{"line":18,"column":4},"end":{"line":18,"column":31}},"8":{"start":{"line":21,"column":0},"end":{"line":21,"column":29}},"9":{"start":{"line":23,"column":0},"end":{"line":23,"column":31}},"10":{"start":{"line":27,"column":0},"end":{"line":31,"column":5}},"11":{"start":{"line":28,"column":4},"end":{"line":30,"column":7}},"12":{"start":{"line":33,"column":2},"end":{"line":38,"column":5}},"13":{"start":{"line":34,"column":4},"end":{"line":34,"column":44}},"14":{"start":{"line":35,"column":4},"end":{"line":37,"column":11}}},"fnMap":{"0":{"name":"(anonymous_1)","decl":{"start":{"line":17,"column":18},"end":{"line":17,"column":19}},"loc":{"start":{"line":17,"column":31},"end":{"line":19,"column":1}}},"1":{"name":"(anonymous_2)","decl":{"start":{"line":27,"column":8},"end":{"line":27,"column":9}},"loc":{"start":{"line":27,"column":22},"end":{"line":31,"column":3}}},"2":{"name":"(anonymous_3)","decl":{"start":{"line":33,"column":10},"end":{"line":33,"column":11}},"loc":{"start":{"line":33,"column":100},"end":{"line":38,"column":3}}}},"branchMap":{},"s":{"0":1,"1":1,"2":1,"3":1,"4":1,"5":1,"6":1,"7":1,"8":1,"9":1,"10":1,"11":1,"12":1,"13":0,"14":0},"f":{"0":1,"1":1,"2":0},"b":{}}
,"/Users/Mym/Desktop/Code/Proj PERSO/phase2_/param-texte-api/src/middlewares/auth.middleware.ts": {"path":"/Users/Mym/Desktop/Code/Proj PERSO/phase2_/param-texte-api/src/middlewares/auth.middleware.ts","statementMap":{"0":{"start":{"line":6,"column":0},"end":{"line":6,"column":16}},"1":{"start":{"line":38,"column":0},"end":{"line":38,"column":16}},"2":{"start":{"line":4,"column":0},"end":{"line":4,"column":56}},"3":{"start":{"line":7,"column":23},"end":{"line":7,"column":48}},"4":{"start":{"line":9,"column":4},"end":{"line":14,"column":7}},"5":{"start":{"line":10,"column":8},"end":{"line":12,"column":11}},"6":{"start":{"line":13,"column":8},"end":{"line":13,"column":15}},"7":{"start":{"line":16,"column":20},"end":{"line":16,"column":41}},"8":{"start":{"line":18,"column":6},"end":{"line":23,"column":7}},"9":{"start":{"line":19,"column":8},"end":{"line":21,"column":11}},"10":{"start":{"line":22,"column":8},"end":{"line":22,"column":15}},"11":{"start":{"line":25,"column":20},"end":{"line":25,"column":28}},"12":{"start":{"line":27,"column":6},"end":{"line":32,"column":7}},"13":{"start":{"line":28,"column":8},"end":{"line":30,"column":11}},"14":{"start":{"line":31,"column":8},"end":{"line":31,"column":15}},"15":{"start":{"line":33,"column":7},"end":{"line":33,"column":33}},"16":{"start":{"line":34,"column":6},"end":{"line":34,"column":13}},"17":{"start":{"line":39,"column":4},"end":{"line":39,"column":30}}},"fnMap":{"0":{"name":"authenticate","decl":{"start":{"line":6,"column":16},"end":{"line":6,"column":28}},"loc":{"start":{"line":6,"column":76},"end":{"line":35,"column":1}}},"1":{"name":"getTokenFromRequest","decl":{"start":{"line":38,"column":16},"end":{"line":38,"column":35}},"loc":{"start":{"line":38,"column":48},"end":{"line":40,"column":3}}}},"branchMap":{"0":{"loc":{"start":{"line":9,"column":4},"end":{"line":14,"column":7}},"type":"if","locations":[{"start":{"line":9,"column":4},"end":{"line":14,"column":7}},{"start":{},"end":{}}]},"1":{"loc":{"start":{"line":18,"column":6},"end":{"line":23,"column":7}},"type":"if","locations":[{"start":{"line":18,"column":6},"end":{"line":23,"column":7}},{"start":{},"end":{}}]},"2":{"loc":{"start":{"line":18,"column":10},"end":{"line":18,"column":53}},"type":"binary-expr","locations":[{"start":{"line":18,"column":10},"end":{"line":18,"column":28}},{"start":{"line":18,"column":32},"end":{"line":18,"column":53}}]},"3":{"loc":{"start":{"line":27,"column":6},"end":{"line":32,"column":7}},"type":"if","locations":[{"start":{"line":27,"column":6},"end":{"line":32,"column":7}},{"start":{},"end":{}}]}},"s":{"0":1,"1":1,"2":1,"3":5,"4":5,"5":1,"6":1,"7":4,"8":4,"9":1,"10":1,"11":3,"12":3,"13":1,"14":1,"15":2,"16":2,"17":1},"f":{"0":5,"1":1},"b":{"0":[1,4],"1":[1,3],"2":[4,3],"3":[1,2]}}
,"/Users/Mym/Desktop/Code/Proj PERSO/phase2_/param-texte-api/src/routes/justify.routes.ts": {"path":"/Users/Mym/Desktop/Code/Proj PERSO/phase2_/param-texte-api/src/routes/justify.routes.ts","statementMap":{"0":{"start":{"line":5,"column":0},"end":{"line":5,"column":52}},"1":{"start":{"line":6,"column":0},"end":{"line":6,"column":83}},"2":{"start":{"line":7,"column":0},"end":{"line":7,"column":58}},"3":{"start":{"line":8,"column":0},"end":{"line":8,"column":108}},"4":{"start":{"line":10,"column":13},"end":{"line":10,"column":38}},"5":{"start":{"line":13,"column":0},"end":{"line":68,"column":2}},"6":{"start":{"line":17,"column":4},"end":{"line":66,"column":5}},"7":{"start":{"line":19,"column":19},"end":{"line":19,"column":27}},"8":{"start":{"line":22,"column":6},"end":{"line":27,"column":7}},"9":{"start":{"line":23,"column":8},"end":{"line":25,"column":11}},"10":{"start":{"line":26,"column":8},"end":{"line":26,"column":15}},"11":{"start":{"line":30,"column":20},"end":{"line":30,"column":44}},"12":{"start":{"line":33,"column":6},"end":{"line":38,"column":7}},"13":{"start":{"line":34,"column":8},"end":{"line":36,"column":11}},"14":{"start":{"line":37,"column":8},"end":{"line":37,"column":15}},"15":{"start":{"line":40,"column":24},"end":{"line":40,"column":40}},"16":{"start":{"line":42,"column":6},"end":{"line":53,"column":7}},"17":{"start":{"line":44,"column":26},"end":{"line":44,"column":50}},"18":{"start":{"line":46,"column":8},"end":{"line":51,"column":11}},"19":{"start":{"line":52,"column":8},"end":{"line":52,"column":15}},"20":{"start":{"line":55,"column":28},"end":{"line":55,"column":49}},"21":{"start":{"line":57,"column":6},"end":{"line":57,"column":36}},"22":{"start":{"line":59,"column":6},"end":{"line":59,"column":61}},"23":{"start":{"line":62,"column":6},"end":{"line":62,"column":63}},"24":{"start":{"line":63,"column":6},"end":{"line":65,"column":9}}},"fnMap":{"0":{"name":"(anonymous_0)","decl":{"start":{"line":16,"column":2},"end":{"line":16,"column":3}},"loc":{"start":{"line":16,"column":34},"end":{"line":67,"column":3}}}},"branchMap":{"0":{"loc":{"start":{"line":22,"column":6},"end":{"line":27,"column":7}},"type":"if","locations":[{"start":{"line":22,"column":6},"end":{"line":27,"column":7}},{"start":{},"end":{}}]},"1":{"loc":{"start":{"line":22,"column":10},"end":{"line":22,"column":71}},"type":"binary-expr","locations":[{"start":{"line":22,"column":10},"end":{"line":22,"column":15}},{"start":{"line":22,"column":19},"end":{"line":22,"column":43}},{"start":{"line":22,"column":47},"end":{"line":22,"column":71}}]},"2":{"loc":{"start":{"line":33,"column":6},"end":{"line":38,"column":7}},"type":"if","locations":[{"start":{"line":33,"column":6},"end":{"line":38,"column":7}},{"start":{},"end":{}}]},"3":{"loc":{"start":{"line":42,"column":6},"end":{"line":53,"column":7}},"type":"if","locations":[{"start":{"line":42,"column":6},"end":{"line":53,"column":7}},{"start":{},"end":{}}]}},"s":{"0":1,"1":1,"2":1,"3":1,"4":1,"5":1,"6":2,"7":2,"8":2,"9":1,"10":1,"11":1,"12":1,"13":0,"14":0,"15":1,"16":1,"17":0,"18":0,"19":0,"20":1,"21":1,"22":1,"23":0,"24":0},"f":{"0":2},"b":{"0":[1,1],"1":[2,1,1],"2":[0,1],"3":[0,1]}}
,"/Users/Mym/Desktop/Code/Proj PERSO/phase2_/param-texte-api/src/routes/token.routes.ts": {"path":"/Users/Mym/Desktop/Code/Proj PERSO/phase2_/param-texte-api/src/routes/token.routes.ts","statementMap":{"0":{"start":{"line":3,"column":0},"end":{"line":3,"column":52}},"1":{"start":{"line":4,"column":0},"end":{"line":4,"column":58}},"2":{"start":{"line":7,"column":13},"end":{"line":7,"column":36}},"3":{"start":{"line":9,"column":0},"end":{"line":39,"column":3}},"4":{"start":{"line":10,"column":22},"end":{"line":10,"column":30}},"5":{"start":{"line":12,"column":4},"end":{"line":16,"column":5}},"6":{"start":{"line":13,"column":8},"end":{"line":15,"column":11}},"7":{"start":{"line":26,"column":23},"end":{"line":26,"column":51}},"8":{"start":{"line":28,"column":4},"end":{"line":32,"column":5}},"9":{"start":{"line":29,"column":8},"end":{"line":31,"column":11}},"10":{"start":{"line":34,"column":18},"end":{"line":34,"column":38}},"11":{"start":{"line":36,"column":4},"end":{"line":38,"column":7}}},"fnMap":{"0":{"name":"(anonymous_0)","decl":{"start":{"line":9,"column":27},"end":{"line":9,"column":28}},"loc":{"start":{"line":9,"column":116},"end":{"line":39,"column":1}}}},"branchMap":{"0":{"loc":{"start":{"line":12,"column":4},"end":{"line":16,"column":5}},"type":"if","locations":[{"start":{"line":12,"column":4},"end":{"line":16,"column":5}},{"start":{},"end":{}}]},"1":{"loc":{"start":{"line":28,"column":4},"end":{"line":32,"column":5}},"type":"if","locations":[{"start":{"line":28,"column":4},"end":{"line":32,"column":5}},{"start":{},"end":{}}]}},"s":{"0":1,"1":1,"2":1,"3":1,"4":4,"5":4,"6":1,"7":3,"8":3,"9":1,"10":2,"11":2},"f":{"0":4},"b":{"0":[1,3],"1":[1,2]}}
,"/Users/Mym/Desktop/Code/Proj PERSO/phase2_/param-texte-api/src/services/justify.service.ts": {"path":"/Users/Mym/Desktop/Code/Proj PERSO/phase2_/param-texte-api/src/services/justify.service.ts","statementMap":{"0":{"start":{"line":3,"column":0},"end":{"line":3,"column":16}},"1":{"start":{"line":5,"column":18},"end":{"line":5,"column":74}},"2":{"start":{"line":5,"column":58},"end":{"line":5,"column":73}},"3":{"start":{"line":7,"column":2},"end":{"line":9,"column":3}},"4":{"start":{"line":8,"column":4},"end":{"line":8,"column":14}},"5":{"start":{"line":10,"column":16},"end":{"line":10,"column":45}},"6":{"start":{"line":12,"column":25},"end":{"line":20,"column":4}},"7":{"start":{"line":13,"column":23},"end":{"line":13,"column":49}},"8":{"start":{"line":15,"column":4},"end":{"line":19,"column":5}},"9":{"start":{"line":16,"column":6},"end":{"line":16,"column":28}},"10":{"start":{"line":18,"column":6},"end":{"line":18,"column":42}},"11":{"start":{"line":22,"column":2},"end":{"line":22,"column":35}},"12":{"start":{"line":26,"column":28},"end":{"line":26,"column":30}},"13":{"start":{"line":27,"column":30},"end":{"line":27,"column":32}},"14":{"start":{"line":28,"column":22},"end":{"line":28,"column":23}},"15":{"start":{"line":30,"column":2},"end":{"line":44,"column":3}},"16":{"start":{"line":32,"column":27},"end":{"line":32,"column":89}},"17":{"start":{"line":35,"column":4},"end":{"line":43,"column":5}},"18":{"start":{"line":36,"column":6},"end":{"line":36,"column":30}},"19":{"start":{"line":37,"column":6},"end":{"line":37,"column":27}},"20":{"start":{"line":38,"column":6},"end":{"line":38,"column":34}},"21":{"start":{"line":41,"column":6},"end":{"line":41,"column":29}},"22":{"start":{"line":42,"column":6},"end":{"line":42,"column":37}},"23":{"start":{"line":46,"column":2},"end":{"line":48,"column":3}},"24":{"start":{"line":47,"column":4},"end":{"line":47,"column":28}},"25":{"start":{"line":49,"column":2},"end":{"line":49,"column":15}},"26":{"start":{"line":55,"column":2},"end":{"line":57,"column":3}},"27":{"start":{"line":56,"column":4},"end":{"line":56,"column":20}},"28":{"start":{"line":59,"column":26},"end":{"line":59,"column":75}},"29":{"start":{"line":59,"column":54},"end":{"line":59,"column":71}},"30":{"start":{"line":60,"column":22},"end":{"line":60,"column":49}},"31":{"start":{"line":62,"column":15},"end":{"line":62,"column":31}},"32":{"start":{"line":65,"column":23},"end":{"line":65,"column":53}},"33":{"start":{"line":66,"column":22},"end":{"line":66,"column":40}},"34":{"start":{"line":68,"column":15},"end":{"line":68,"column":17}},"35":{"start":{"line":70,"column":2},"end":{"line":79,"column":3}},"36":{"start":{"line":70,"column":15},"end":{"line":70,"column":16}},"37":{"start":{"line":71,"column":4},"end":{"line":71,"column":23}},"38":{"start":{"line":73,"column":4},"end":{"line":78,"column":5}},"39":{"start":{"line":74,"column":6},"end":{"line":74,"column":41}},"40":{"start":{"line":75,"column":6},"end":{"line":77,"column":7}},"41":{"start":{"line":76,"column":8},"end":{"line":76,"column":22}},"42":{"start":{"line":80,"column":2},"end":{"line":80,"column":16}}},"fnMap":{"0":{"name":"justifyText","decl":{"start":{"line":3,"column":16},"end":{"line":3,"column":27}},"loc":{"start":{"line":3,"column":64},"end":{"line":23,"column":1}}},"1":{"name":"(anonymous_1)","decl":{"start":{"line":5,"column":50},"end":{"line":5,"column":54}},"loc":{"start":{"line":5,"column":58},"end":{"line":5,"column":73}}},"2":{"name":"(anonymous_2)","decl":{"start":{"line":12,"column":35},"end":{"line":12,"column":36}},"loc":{"start":{"line":12,"column":51},"end":{"line":20,"column":3}}},"3":{"name":"createLines","decl":{"start":{"line":25,"column":9},"end":{"line":25,"column":20}},"loc":{"start":{"line":25,"column":55},"end":{"line":50,"column":1}}},"4":{"name":"justifyLine","decl":{"start":{"line":53,"column":9},"end":{"line":53,"column":20}},"loc":{"start":{"line":53,"column":55},"end":{"line":81,"column":1}}},"5":{"name":"(anonymous_5)","decl":{"start":{"line":59,"column":39},"end":{"line":59,"column":40}},"loc":{"start":{"line":59,"column":54},"end":{"line":59,"column":71}}}},"branchMap":{"0":{"loc":{"start":{"line":3,"column":42},"end":{"line":3,"column":64}},"type":"default-arg","locations":[{"start":{"line":3,"column":62},"end":{"line":3,"column":64}}]},"1":{"loc":{"start":{"line":7,"column":2},"end":{"line":9,"column":3}},"type":"if","locations":[{"start":{"line":7,"column":2},"end":{"line":9,"column":3}},{"start":{},"end":{}}]},"2":{"loc":{"start":{"line":15,"column":4},"end":{"line":19,"column":5}},"type":"if","locations":[{"start":{"line":15,"column":4},"end":{"line":19,"column":5}},{"start":{"line":17,"column":11},"end":{"line":19,"column":5}}]},"3":{"loc":{"start":{"line":32,"column":44},"end":{"line":32,"column":74}},"type":"cond-expr","locations":[{"start":{"line":32,"column":69},"end":{"line":32,"column":70}},{"start":{"line":32,"column":73},"end":{"line":32,"column":74}}]},"4":{"loc":{"start":{"line":35,"column":4},"end":{"line":43,"column":5}},"type":"if","locations":[{"start":{"line":35,"column":4},"end":{"line":43,"column":5}},{"start":{"line":39,"column":11},"end":{"line":43,"column":5}}]},"5":{"loc":{"start":{"line":35,"column":8},"end":{"line":35,"column":60}},"type":"binary-expr","locations":[{"start":{"line":35,"column":8},"end":{"line":35,"column":34}},{"start":{"line":35,"column":38},"end":{"line":35,"column":60}}]},"6":{"loc":{"start":{"line":46,"column":2},"end":{"line":48,"column":3}},"type":"if","locations":[{"start":{"line":46,"column":2},"end":{"line":48,"column":3}},{"start":{},"end":{}}]},"7":{"loc":{"start":{"line":55,"column":2},"end":{"line":57,"column":3}},"type":"if","locations":[{"start":{"line":55,"column":2},"end":{"line":57,"column":3}},{"start":{},"end":{}}]},"8":{"loc":{"start":{"line":73,"column":4},"end":{"line":78,"column":5}},"type":"if","locations":[{"start":{"line":73,"column":4},"end":{"line":78,"column":5}},{"start":{},"end":{}}]},"9":{"loc":{"start":{"line":75,"column":6},"end":{"line":77,"column":7}},"type":"if","locations":[{"start":{"line":75,"column":6},"end":{"line":77,"column":7}},{"start":{},"end":{}}]}},"s":{"0":2,"1":10,"2":52,"3":10,"4":2,"5":8,"6":8,"7":12,"8":12,"9":8,"10":4,"11":8,"12":8,"13":8,"14":8,"15":8,"16":50,"17":50,"18":4,"19":4,"20":4,"21":46,"22":46,"23":8,"24":8,"25":8,"26":4,"27":1,"28":3,"29":19,"30":3,"31":3,"32":3,"33":3,"34":3,"35":3,"36":3,"37":19,"38":19,"39":16,"40":16,"41":5,"42":3},"f":{"0":10,"1":52,"2":12,"3":8,"4":4,"5":19},"b":{"0":[3],"1":[2,8],"2":[8,4],"3":[42,8],"4":[4,46],"5":[50,5],"6":[8,0],"7":[1,3],"8":[16,3],"9":[5,11]}}
,"/Users/Mym/Desktop/Code/Proj PERSO/phase2_/param-texte-api/src/services/rateLimit.service.ts": {"path":"/Users/Mym/Desktop/Code/Proj PERSO/phase2_/param-texte-api/src/services/rateLimit.service.ts","statementMap":{"0":{"start":{"line":13,"column":0},"end":{"line":13,"column":16}},"1":{"start":{"line":17,"column":0},"end":{"line":17,"column":16}},"2":{"start":{"line":32,"column":0},"end":{"line":32,"column":16}},"3":{"start":{"line":46,"column":0},"end":{"line":46,"column":16}},"4":{"start":{"line":5,"column":17},"end":{"line":5,"column":46}},"5":{"start":{"line":7,"column":20},"end":{"line":7,"column":25}},"6":{"start":{"line":10,"column":4},"end":{"line":10,"column":50}},"7":{"start":{"line":14,"column":4},"end":{"line":14,"column":75}},"8":{"start":{"line":14,"column":51},"end":{"line":14,"column":66}},"9":{"start":{"line":18,"column":18},"end":{"line":18,"column":32}},"10":{"start":{"line":19,"column":18},"end":{"line":19,"column":37}},"11":{"start":{"line":21,"column":4},"end":{"line":27,"column":5}},"12":{"start":{"line":22,"column":8},"end":{"line":25,"column":11}},"13":{"start":{"line":26,"column":8},"end":{"line":26,"column":40}},"14":{"start":{"line":29,"column":4},"end":{"line":29,"column":56}},"15":{"start":{"line":33,"column":18},"end":{"line":33,"column":32}},"16":{"start":{"line":34,"column":18},"end":{"line":34,"column":37}},"17":{"start":{"line":36,"column":4},"end":{"line":43,"column":5}},"18":{"start":{"line":37,"column":8},"end":{"line":40,"column":11}},"19":{"start":{"line":42,"column":8},"end":{"line":42,"column":37}},"20":{"start":{"line":47,"column":18},"end":{"line":47,"column":32}},"21":{"start":{"line":48,"column":18},"end":{"line":48,"column":37}},"22":{"start":{"line":50,"column":4},"end":{"line":52,"column":5}},"23":{"start":{"line":51,"column":8},"end":{"line":51,"column":27}},"24":{"start":{"line":54,"column":4},"end":{"line":54,"column":54}}},"fnMap":{"0":{"name":"getTodayDate","decl":{"start":{"line":9,"column":9},"end":{"line":9,"column":21}},"loc":{"start":{"line":9,"column":21},"end":{"line":11,"column":1}}},"1":{"name":"countWords","decl":{"start":{"line":13,"column":16},"end":{"line":13,"column":26}},"loc":{"start":{"line":13,"column":39},"end":{"line":15,"column":1}}},"2":{"name":"(anonymous_2)","decl":{"start":{"line":14,"column":43},"end":{"line":14,"column":47}},"loc":{"start":{"line":14,"column":51},"end":{"line":14,"column":66}}},"3":{"name":"canProcessWords","decl":{"start":{"line":17,"column":16},"end":{"line":17,"column":31}},"loc":{"start":{"line":17,"column":64},"end":{"line":30,"column":1}}},"4":{"name":"recordUsage","decl":{"start":{"line":32,"column":16},"end":{"line":32,"column":27}},"loc":{"start":{"line":32,"column":60},"end":{"line":44,"column":1}}},"5":{"name":"getRemainingWords","decl":{"start":{"line":46,"column":16},"end":{"line":46,"column":33}},"loc":{"start":{"line":46,"column":47},"end":{"line":55,"column":1}}}},"branchMap":{"0":{"loc":{"start":{"line":21,"column":4},"end":{"line":27,"column":5}},"type":"if","locations":[{"start":{"line":21,"column":4},"end":{"line":27,"column":5}},{"start":{},"end":{}}]},"1":{"loc":{"start":{"line":21,"column":8},"end":{"line":21,"column":38}},"type":"binary-expr","locations":[{"start":{"line":21,"column":8},"end":{"line":21,"column":14}},{"start":{"line":21,"column":18},"end":{"line":21,"column":38}}]},"2":{"loc":{"start":{"line":36,"column":4},"end":{"line":43,"column":5}},"type":"if","locations":[{"start":{"line":36,"column":4},"end":{"line":43,"column":5}},{"start":{"line":41,"column":10},"end":{"line":43,"column":5}}]},"3":{"loc":{"start":{"line":36,"column":8},"end":{"line":36,"column":38}},"type":"binary-expr","locations":[{"start":{"line":36,"column":8},"end":{"line":36,"column":14}},{"start":{"line":36,"column":18},"end":{"line":36,"column":38}}]},"4":{"loc":{"start":{"line":50,"column":4},"end":{"line":52,"column":5}},"type":"if","locations":[{"start":{"line":50,"column":4},"end":{"line":52,"column":5}},{"start":{},"end":{}}]},"5":{"loc":{"start":{"line":50,"column":8},"end":{"line":50,"column":38}},"type":"binary-expr","locations":[{"start":{"line":50,"column":8},"end":{"line":50,"column":14}},{"start":{"line":50,"column":18},"end":{"line":50,"column":38}}]}},"s":{"0":2,"1":2,"2":2,"3":2,"4":2,"5":2,"6":17,"7":7,"8":22,"9":4,"10":4,"11":4,"12":3,"13":3,"14":1,"15":7,"16":7,"17":7,"18":3,"19":4,"20":6,"21":6,"22":6,"23":1,"24":5},"f":{"0":17,"1":7,"2":22,"3":4,"4":7,"5":6},"b":{"0":[3,1],"1":[4,1],"2":[3,4],"3":[7,4],"4":[1,5],"5":[6,5]}}
,"/Users/Mym/Desktop/Code/Proj PERSO/phase2_/param-texte-api/src/services/token.service.ts": {"path":"/Users/Mym/Desktop/Code/Proj PERSO/phase2_/param-texte-api/src/services/token.service.ts","statementMap":{"0":{"start":{"line":8,"column":0},"end":{"line":8,"column":16}},"1":{"start":{"line":21,"column":0},"end":{"line":21,"column":16}},"2":{"start":{"line":25,"column":0},"end":{"line":25,"column":16}},"3":{"start":{"line":29,"column":0},"end":{"line":29,"column":16}},"4":{"start":{"line":3,"column":0},"end":{"line":3,"column":28}},"5":{"start":{"line":6,"column":15},"end":{"line":6,"column":39}},"6":{"start":{"line":10,"column":18},"end":{"line":10,"column":56}},"7":{"start":{"line":12,"column":4},"end":{"line":16,"column":7}},"8":{"start":{"line":18,"column":4},"end":{"line":18,"column":17}},"9":{"start":{"line":22,"column":4},"end":{"line":22,"column":29}},"10":{"start":{"line":26,"column":4},"end":{"line":26,"column":29}},"11":{"start":{"line":30,"column":4},"end":{"line":30,"column":32}}},"fnMap":{"0":{"name":"generateToken","decl":{"start":{"line":8,"column":16},"end":{"line":8,"column":29}},"loc":{"start":{"line":8,"column":43},"end":{"line":19,"column":1}}},"1":{"name":"verifyToken","decl":{"start":{"line":21,"column":16},"end":{"line":21,"column":27}},"loc":{"start":{"line":21,"column":41},"end":{"line":23,"column":1}}},"2":{"name":"getTokenInfo","decl":{"start":{"line":25,"column":16},"end":{"line":25,"column":28}},"loc":{"start":{"line":25,"column":42},"end":{"line":27,"column":1}}},"3":{"name":"deleteToken","decl":{"start":{"line":29,"column":16},"end":{"line":29,"column":27}},"loc":{"start":{"line":29,"column":41},"end":{"line":31,"column":1}}}},"branchMap":{},"s":{"0":1,"1":1,"2":1,"3":1,"4":1,"5":1,"6":2,"7":2,"8":2,"9":3,"10":0,"11":0},"f":{"0":2,"1":3,"2":0,"3":0},"b":{}}
}
