TN:
SF:src/app.ts
FN:17,(anonymous_1)
FN:27,(anonymous_2)
FN:33,(anonymous_3)
FNF:3
FNH:2
FNDA:1,(anonymous_1)
FNDA:1,(anonymous_2)
FNDA:0,(anonymous_3)
DA:3,1
DA:4,1
DA:5,1
DA:7,1
DA:11,1
DA:13,1
DA:17,1
DA:18,1
DA:21,1
DA:23,1
DA:27,1
DA:28,1
DA:33,1
DA:34,0
DA:35,0
LF:15
LH:13
BRF:0
BRH:0
end_of_record
TN:
SF:src/middlewares/auth.middleware.ts
FN:6,authenticate
FN:38,getTokenFromRequest
FNF:2
FNH:2
FNDA:5,authenticate
FNDA:1,getTokenFromRequest
DA:4,1
DA:6,1
DA:7,5
DA:9,5
DA:10,1
DA:13,1
DA:16,4
DA:18,4
DA:19,1
DA:22,1
DA:25,3
DA:27,3
DA:28,1
DA:31,1
DA:33,2
DA:34,2
DA:38,1
DA:39,1
LF:18
LH:18
BRDA:9,0,0,1
BRDA:9,0,1,4
BRDA:18,1,0,1
BRDA:18,1,1,3
BRDA:18,2,0,4
BRDA:18,2,1,3
BRDA:27,3,0,1
BRDA:27,3,1,2
BRF:8
BRH:8
end_of_record
TN:
SF:src/routes/justify.routes.ts
FN:16,(anonymous_0)
FNF:1
FNH:1
FNDA:2,(anonymous_0)
DA:5,1
DA:6,1
DA:7,1
DA:8,1
DA:10,1
DA:13,1
DA:17,2
DA:19,2
DA:22,2
DA:23,1
DA:26,1
DA:30,1
DA:33,1
DA:34,0
DA:37,0
DA:40,1
DA:42,1
DA:44,0
DA:46,0
DA:52,0
DA:55,1
DA:57,1
DA:59,1
DA:62,0
DA:63,0
LF:25
LH:18
BRDA:22,0,0,1
BRDA:22,0,1,1
BRDA:22,1,0,2
BRDA:22,1,1,1
BRDA:22,1,2,1
BRDA:33,2,0,0
BRDA:33,2,1,1
BRDA:42,3,0,0
BRDA:42,3,1,1
BRF:9
BRH:7
end_of_record
TN:
SF:src/routes/token.routes.ts
FN:9,(anonymous_0)
FNF:1
FNH:1
FNDA:4,(anonymous_0)
DA:3,1
DA:4,1
DA:7,1
DA:9,1
DA:10,4
DA:12,4
DA:13,1
DA:26,3
DA:28,3
DA:29,1
DA:34,2
DA:36,2
LF:12
LH:12
BRDA:12,0,0,1
BRDA:12,0,1,3
BRDA:28,1,0,1
BRDA:28,1,1,2
BRF:4
BRH:4
end_of_record
TN:
SF:src/services/justify.service.ts
FN:3,justifyText
FN:5,(anonymous_1)
FN:12,(anonymous_2)
FN:25,createLines
FN:53,justifyLine
FN:59,(anonymous_5)
FNF:6
FNH:6
FNDA:10,justifyText
FNDA:52,(anonymous_1)
FNDA:12,(anonymous_2)
FNDA:8,createLines
FNDA:4,justifyLine
FNDA:19,(anonymous_5)
DA:3,2
DA:5,52
DA:7,10
DA:8,2
DA:10,8
DA:12,8
DA:13,12
DA:15,12
DA:16,8
DA:18,4
DA:22,8
DA:26,8
DA:27,8
DA:28,8
DA:30,8
DA:32,50
DA:35,50
DA:36,4
DA:37,4
DA:38,4
DA:41,46
DA:42,46
DA:46,8
DA:47,8
DA:49,8
DA:55,4
DA:56,1
DA:59,19
DA:60,3
DA:62,3
DA:65,3
DA:66,3
DA:68,3
DA:70,3
DA:71,19
DA:73,19
DA:74,16
DA:75,16
DA:76,5
DA:80,3
LF:40
LH:40
BRDA:3,0,0,3
BRDA:7,1,0,2
BRDA:7,1,1,8
BRDA:15,2,0,8
BRDA:15,2,1,4
BRDA:32,3,0,42
BRDA:32,3,1,8
BRDA:35,4,0,4
BRDA:35,4,1,46
BRDA:35,5,0,50
BRDA:35,5,1,5
BRDA:46,6,0,8
BRDA:46,6,1,0
BRDA:55,7,0,1
BRDA:55,7,1,3
BRDA:73,8,0,16
BRDA:73,8,1,3
BRDA:75,9,0,5
BRDA:75,9,1,11
BRF:19
BRH:18
end_of_record
TN:
SF:src/services/rateLimit.service.ts
FN:9,getTodayDate
FN:13,countWords
FN:14,(anonymous_2)
FN:17,canProcessWords
FN:32,recordUsage
FN:46,getRemainingWords
FNF:6
FNH:6
FNDA:17,getTodayDate
FNDA:7,countWords
FNDA:22,(anonymous_2)
FNDA:4,canProcessWords
FNDA:7,recordUsage
FNDA:6,getRemainingWords
DA:5,2
DA:7,2
DA:10,17
DA:13,2
DA:14,22
DA:17,2
DA:18,4
DA:19,4
DA:21,4
DA:22,3
DA:26,3
DA:29,1
DA:32,2
DA:33,7
DA:34,7
DA:36,7
DA:37,3
DA:42,4
DA:46,2
DA:47,6
DA:48,6
DA:50,6
DA:51,1
DA:54,5
LF:24
LH:24
BRDA:21,0,0,3
BRDA:21,0,1,1
BRDA:21,1,0,4
BRDA:21,1,1,1
BRDA:36,2,0,3
BRDA:36,2,1,4
BRDA:36,3,0,7
BRDA:36,3,1,4
BRDA:50,4,0,1
BRDA:50,4,1,5
BRDA:50,5,0,6
BRDA:50,5,1,5
BRF:12
BRH:12
end_of_record
TN:
SF:src/services/token.service.ts
FN:8,generateToken
FN:21,verifyToken
FN:25,getTokenInfo
FN:29,deleteToken
FNF:4
FNH:2
FNDA:2,generateToken
FNDA:3,verifyToken
FNDA:0,getTokenInfo
FNDA:0,deleteToken
DA:3,1
DA:6,1
DA:8,1
DA:10,2
DA:12,2
DA:18,2
DA:21,1
DA:22,3
DA:25,1
DA:26,0
DA:29,1
DA:30,0
LF:12
LH:10
BRF:0
BRH:0
end_of_record
